<?xml version="1.0" encoding="UTF-8"?>
<!-- Generated by org.testng.reporters.JUnitReportReporter -->
<testsuite hostname="jon-computer.localdomain" name="RDMFZipLookup" tests="1" failures="0" timestamp="16 May 2018 17:41:50 GMT" time="8.254" errors="0">
  <testcase name="testRDMFZipLookup" time="8.254" classname="RDMFZipLookup"/>
</testsuite> <!-- RDMFZipLookup -->
